<?xml version="1.0" encoding="UTF-8"?>
<!-- Generated by org.testng.reporters.JUnitReportReporter -->
<testsuite hostname="LenovoThinkCentre" failures="0" tests="1" name="amazon.TestProductSearch" time="18.089" errors="0" timestamp="2023-06-30T08:21:17 EDT" skipped="0">
  <testcase classname="amazon.TestProductSearch" name="filterSortProducts" time="18.089"/>
  <system-out/>
</testsuite> <!-- amazon.TestProductSearch -->
