<?xml version="1.0" encoding="UTF-8"?>
<!-- Generated by org.testng.reporters.JUnitReportReporter -->
<testsuite hostname="LenovoThinkCentre" failures="0" tests="1" name="amazon.Login" time="16.958" errors="0" timestamp="2023-06-28T12:17:59 EDT" skipped="0">
  <testcase classname="amazon.Login" name="validRegsiteredEmail" time="16.958"/>
  <system-out/>
</testsuite> <!-- amazon.Login -->
