<?xml version="1.0" encoding="UTF-8"?>
<!-- Generated by org.testng.reporters.JUnitReportReporter -->
<testsuite hostname="LenovoThinkCentre" failures="0" tests="5" name="amazon.YourOrders" time="15.388" errors="0" timestamp="2023-06-28T18:30:42 EDT" skipped="0">
  <testcase classname="amazon.YourOrders" name="timeDropDown" time="4.541"/>
  <system-out/>
  <testcase classname="amazon.YourOrders" name="selectBuyAgain" time="3.553"/>
  <system-out/>
  <testcase classname="amazon.YourOrders" name="selectNotYetShipped" time="2.175"/>
  <system-out/>
  <testcase classname="amazon.YourOrders" name="selectCancelledOrders" time="2.616"/>
  <system-out/>
  <testcase classname="amazon.YourOrders" name="searchOrderedProduct" time="2.503"/>
  <system-out/>
</testsuite> <!-- amazon.YourOrders -->
