<?xml version="1.0" encoding="UTF-8"?>
<!-- Generated by org.testng.reporters.JUnitReportReporter -->
<testsuite hostname="LenovoThinkCentre" failures="0" tests="1" name="amazon.TestHomePage" time="2.233" errors="0" timestamp="2023-06-28T23:56:06 EDT" skipped="0">
  <testcase classname="amazon.TestHomePage" name="checkSearchDropDown" time="2.233"/>
  <system-out/>
</testsuite> <!-- amazon.TestHomePage -->
