<?xml version="1.0" encoding="UTF-8"?>
<!-- Generated by org.testng.reporters.JUnitReportReporter -->
<testsuite hostname="LenovoThinkCentre" failures="0" tests="1" name="amazon.TestShoppingCart" time="29.369" errors="0" timestamp="2023-07-01T13:23:41 EDT" skipped="0">
  <testcase classname="amazon.TestShoppingCart" name="addDifferentMultipleItems" time="29.369"/>
  <system-out/>
</testsuite> <!-- amazon.TestShoppingCart -->
