<?xml version="1.0" encoding="UTF-8"?>
<!-- Generated by org.testng.reporters.JUnitReportReporter -->
<testsuite hostname="LenovoThinkCentre" failures="0" tests="1" name="amazon.Registration" time="8.131" errors="0" timestamp="2023-06-27T19:08:38 EDT" skipped="0">
  <testcase classname="amazon.Registration" name="noPasswordAgain" time="8.131"/>
  <system-out/>
</testsuite> <!-- amazon.Registration -->
