<?xml version="1.0" encoding="UTF-8"?>
<!-- Generated by org.testng.reporters.JUnitReportReporter -->
<testsuite hostname="LenovoThinkCentre" failures="0" tests="1" name="amazon.ProductSearch" time="5.061" errors="0" timestamp="2023-06-27T15:34:50 EDT" skipped="0">
  <testcase classname="amazon.ProductSearch" name="sortByDropDown" time="5.061"/>
  <system-out/>
</testsuite> <!-- amazon.ProductSearch -->
