<?xml version="1.0" encoding="UTF-8"?>
<!-- Generated by org.testng.reporters.JUnitReportReporter -->
<testsuite hostname="LenovoThinkCentre" failures="0" tests="4" name="amazon.YourAccount" time="17.626" errors="0" timestamp="2023-06-28T18:30:00 EDT" skipped="0">
  <testcase classname="amazon.YourAccount" name="selectYourOrders" time="11.160"/>
  <system-out/>
  <testcase classname="amazon.YourAccount" name="loginAndSecurity" time="3.110"/>
  <system-out/>
  <testcase classname="amazon.YourAccount" name="selectYourAddresses" time="1.229"/>
  <system-out/>
  <testcase classname="amazon.YourAccount" name="selectYourPayments" time="2.127"/>
  <system-out/>
</testsuite> <!-- amazon.YourAccount -->
