<?xml version="1.0" encoding="UTF-8"?>
<!-- Generated by org.testng.reporters.JUnitReportReporter -->
<testsuite hostname="LenovoThinkCentre" failures="0" tests="5" name="amazon.TestYourOrders" time="15.357" errors="0" timestamp="2023-06-28T18:44:56 EDT" skipped="0">
  <testcase classname="amazon.TestYourOrders" name="timeDropDown" time="4.012"/>
  <system-out/>
  <testcase classname="amazon.TestYourOrders" name="selectBuyAgain" time="3.177"/>
  <system-out/>
  <testcase classname="amazon.TestYourOrders" name="selectNotYetShipped" time="2.578"/>
  <system-out/>
  <testcase classname="amazon.TestYourOrders" name="selectCancelledOrders" time="3.171"/>
  <system-out/>
  <testcase classname="amazon.TestYourOrders" name="searchOrderedProduct" time="2.419"/>
  <system-out/>
</testsuite> <!-- amazon.TestYourOrders -->
