<?xml version="1.0" encoding="UTF-8"?>
<!-- Generated by org.testng.reporters.JUnitReportReporter -->
<testsuite hostname="LenovoThinkCentre" failures="0" tests="3" name="amazon.TestLogin" time="17.277" errors="0" timestamp="2023-06-29T09:10:21 EDT" skipped="0">
  <testcase classname="amazon.TestLogin" name="noEmail" time="2.763"/>
  <system-out/>
  <testcase classname="amazon.TestLogin" name="emailNotRegistered" time="2.919"/>
  <system-out/>
  <testcase classname="amazon.TestLogin" name="validRegsiteredEmail" time="11.595"/>
  <system-out/>
</testsuite> <!-- amazon.TestLogin -->
