<?xml version="1.0" encoding="UTF-8"?>
<!-- Generated by org.testng.reporters.JUnitReportReporter -->
<testsuite hostname="LenovoThinkCentre" failures="0" tests="4" name="amazon.TestYourAccount" time="18.109" errors="0" timestamp="2023-07-01T05:01:26 EDT" skipped="0">
  <testcase classname="amazon.TestYourAccount" name="checkYourOrdersOption" time="3.994"/>
  <system-out/>
  <testcase classname="amazon.TestYourAccount" name="loginAndSecurity" time="11.258"/>
  <system-out/>
  <testcase classname="amazon.TestYourAccount" name="selectYourAddresses" time="1.172"/>
  <system-out/>
  <testcase classname="amazon.TestYourAccount" name="selectYourPayments" time="1.685"/>
  <system-out/>
</testsuite> <!-- amazon.TestYourAccount -->
