<?xml version="1.0" encoding="UTF-8"?>
<!-- Generated by org.testng.reporters.JUnitReportReporter -->
<testsuite hostname="LenovoThinkCentre" failures="0" tests="1" name="amazon.TestAddress" time="1.415" errors="0" timestamp="2023-06-28T23:09:54 EDT" skipped="0">
  <testcase classname="amazon.TestAddress" name="removeAddress" time="1.415"/>
  <system-out/>
</testsuite> <!-- amazon.TestAddress -->
