<?xml version="1.0" encoding="UTF-8"?>
<!-- Generated by org.testng.reporters.JUnitReportReporter -->
<testsuite hostname="LenovoThinkCentre" failures="0" tests="1" name="amazon.TestLoginNSecurity" time="3.758" errors="0" timestamp="2023-07-01T12:20:49 EDT" skipped="0">
  <testcase classname="amazon.TestLoginNSecurity" name="editPassword" time="3.758"/>
  <system-out/>
</testsuite> <!-- amazon.TestLoginNSecurity -->
