<?xml version="1.0" encoding="UTF-8"?>
<!-- Generated by org.testng.reporters.JUnitReportReporter -->
<testsuite hostname="LenovoThinkCentre" failures="0" tests="7" name="amazon.HomePage" time="12.956" errors="0" timestamp="2023-06-28T12:16:40 EDT" skipped="0">
  <testcase classname="amazon.HomePage" name="checkLogo" time="1.606"/>
  <system-out/>
  <testcase classname="amazon.HomePage" name="checkHelloUser" time="3.245"/>
  <system-out/>
  <testcase classname="amazon.HomePage" name="checkSelectAddresss" time="1.800"/>
  <system-out/>
  <testcase classname="amazon.HomePage" name="searchBar" time="1.711"/>
  <system-out/>
  <testcase classname="amazon.HomePage" name="searchBtn" time="1.285"/>
  <system-out/>
  <testcase classname="amazon.HomePage" name="checkSearchDropDown" time="1.549"/>
  <system-out/>
  <testcase classname="amazon.HomePage" name="shoppingCart" time="1.760"/>
  <system-out/>
</testsuite> <!-- amazon.HomePage -->
